<?xml version="1.0" encoding="UTF-8"?>
<!-- Generated by org.testng.reporters.JUnitXMLReporter -->
<testsuite ignored="1" hostname="ASPBS-263" failures="0" tests="8" name="Test cases" time="50.154" errors="0" timestamp="2022-06-29T16:28:22 IST">
  <testcase classname="TestNG.sampleTestCase" name="firstTestcase" time="0.035"/>
  <testcase classname="TestNG.sampleTestCase" name="secondTestcase" time="0.004"/>
  <testcase classname="TestNG.sampleTestCase" name="thirdTestcase" time="0.005"/>
  <testcase classname="TestNG.sampleTestCase" name="fifthTestcase" time="0.002"/>
  <testcase classname="TestNG.sampleTestCase" name="sixthTestcase" time="0.003"/>
  <testcase classname="TestNG.ParallelTesting" name="OpenEdge" time="15.758"/>
  <testcase classname="TestNG.ParallelTesting" name="OpenFirefox" time="18.98"/>
  <testcase classname="TestNG.ParallelTesting" name="OpenGoogle" time="15.257"/>
  <testcase classname="TestNG.sampleTestCase" name="fourthTestcase" time="0.0">
    <ignored/>
  </testcase> <!-- fourthTestcase -->
</testsuite> <!-- Test cases -->
